#
# A fatal error has been detected by the Java Runtime Environment:
#
#  SIGSEGV (0xb) at pc=0x0000000110313336, pid=522, tid=775
#
# JRE version: Java(TM) SE Runtime Environment (8.0_31-b13) (build 1.8.0_31-b13)
# Java VM: Java HotSpot(TM) 64-Bit Server VM (25.31-b07 mixed mode bsd-amd64 compressed oops)
# Problematic frame:
# C  [Scintilla+0xf336]  -[SCIContentView adjustScroll:]+0xa3
#
# Failed to write core dump. Core dumps have been disabled. To enable core dumping, try "ulimit -c unlimited" before starting Java again
#
# If you would like to submit a bug report, please visit:
#   http://bugreport.java.com/bugreport/crash.jsp
# The crash happened outside the Java Virtual Machine in native code.
# See problematic frame for where to report the bug.
#

---------------  T H R E A D  ---------------

Current thread (0x00007f89e7e7b000):  JavaThread "main" [_thread_in_native, id=775, stack(0x00007fff51b07000,0x00007fff52307000)]

siginfo: si_signo: 11 (SIGSEGV), si_code: 1 (SEGV_MAPERR), si_addr: 0x0000000000000218

Registers:
RAX=0x00007f89e7a74e00, RBX=0x00007fff52301f90, RCX=0x0000000000000000, RDX=0x0000000000000000
RSP=0x00007fff52301ee0, RBP=0x00007fff52301f20, RSI=0x00000000000008e7, RDI=0x00007f89e7a74e00
R8 =0x0000000000000000, R9 =0x00006000000c59d8, R10=0x0625bb010625bb80, R11=0x0000000110315bfb
R12=0x00000000000000f8, R13=0x00007fffe995a000, R14=0x000060000038d1a0, R15=0x00007f89e6d8bc50
RIP=0x0000000110313336, EFLAGS=0x0000000000010246, ERR=0x0000000000000004
  TRAPNO=0x000000000000000e

Top of Stack: (sp=0x00007fff52301ee0)
0x00007fff52301ee0:   40ae180000000000 40ae180000000000
0x00007fff52301ef0:   0000000000000000 0000000000000000
0x00007fff52301f00:   40a0ca0000000000 40b74f0000000000
0x00007fff52301f10:   00007fff52302080 00000000000000a0
0x00007fff52301f20:   00007fff52302040 00007fffd2212a47
0x00007fff52301f30:   0000000000000000 40ae180000000000
0x00007fff52301f40:   40930c0000000000 4084880000000000
0x00007fff52301f50:   0000000000000000 40ae180000000000
0x00007fff52301f60:   0000000000000000 40ae180000000000
0x00007fff52301f70:   00007fffd213bbb3 00000000fff7e8a4
0x00007fff52301f80:   00007fff52301fa0 00007fffe995bbbb
0x00007fff52301f90:   0000000000000000 40ae180000000000
0x00007fff52301fa0:   40930c0000000000 4084880000000000
0x00007fff52301fb0:   0000000000000000 40ae180000000000
0x00007fff52301fc0:   40930c0000000000 4084880000000000
0x00007fff52301fd0:   0000000000000000 40ae180000000000
0x00007fff52301fe0:   40930c0000000000 4084880000000000
0x00007fff52301ff0:   0000000000000000 40ae180000000000
0x00007fff52302000:   40930c0000000000 4084880000000000
0x00007fff52302010:   00006000000c4c48 00006000001dd2e0
0x00007fff52302020:   00006000001dd2e0 00007fffd2d852fc
0x00007fff52302030:   00007fff52302060 00000000000000a8
0x00007fff52302040:   00007fff523020b0 00007fffd241ddc4
0x00007fff52302050:   0000000000000000 0000000000000000
0x00007fff52302060:   0000000000000000 40ae180000000000
0x00007fff52302070:   40930c0000000000 4084880000000000
0x00007fff52302080:   0000000000000000 40ae180000000000
0x00007fff52302090:   00006000001dd2e0 0000000000000002
0x00007fff523020a0:   0000000000000090 00007f89e6dc9170
0x00007fff523020b0:   00007fff523020d0 00007fffd224ed60
0x00007fff523020c0:   00006000001dd2e0 0000000000000000
0x00007fff523020d0:   00007fff52302200 00007fffd29c4a8e 

Instructions: (pc=0x0000000110313336)
0x0000000110313316:   8b 35 a4 bc 08 00 f2 0f 11 55 c8 ff 15 21 5e 08
0x0000000110313326:   00 4c 8b 00 be e7 08 00 00 31 d2 31 c9 48 89 c7
0x0000000110313336:   41 ff 90 18 02 00 00 f2 0f 5a 45 c8 0f 57 c9 f3
0x0000000110313346:   48 0f 2a c8 f3 0f 11 4d c8 f3 0f 5e c1 e8 9e 87 

Register to memory mapping:

RAX=0x00007f89e7a74e00 is an unknown value
RBX=0x00007fff52301f90 is pointing into the stack for thread: 0x00007f89e7e7b000
RCX=0x0000000000000000 is an unknown value
RDX=0x0000000000000000 is an unknown value
RSP=0x00007fff52301ee0 is pointing into the stack for thread: 0x00007f89e7e7b000
RBP=0x00007fff52301f20 is pointing into the stack for thread: 0x00007f89e7e7b000
RSI=0x00000000000008e7 is an unknown value
RDI=0x00007f89e7a74e00 is an unknown value
R8 =0x0000000000000000 is an unknown value
R9 =0x00006000000c59d8 is an unknown value
R10=0x0625bb010625bb80 is an unknown value
R11=0x0000000110315bfb: -[ScintillaView backend]+0 in /Applications/Stata/StataMP.app/Contents/Frameworks/Scintilla.framework/Versions/A/Scintilla at 0x0000000110304000
R12=0x00000000000000f8 is an unknown value
R13=0x00007fffe995a000: objc_msgSend+0 in /usr/lib/libobjc.A.dylib at 0x00007fffe9953000
R14=0x000060000038d1a0 is an unknown value
R15=0x00007f89e6d8bc50 is an unknown value


Stack: [0x00007fff51b07000,0x00007fff52307000],  sp=0x00007fff52301ee0,  free space=8171k
Native frames: (J=compiled Java code, j=interpreted, Vv=VM code, C=native code)
C  [Scintilla+0xf336]  -[SCIContentView adjustScroll:]+0xa3
C  [AppKit+0x110a47]  -[NSClipView _scrollTo:animateScroll:flashScrollerKnobs:]+0x4f4
C  [AppKit+0x31bdc4]  -[NSScrollView removeFromSuperview]+0x88
C  [AppKit+0x14cd60]  -[NSView removeFromSuperviewWithoutNeedingDisplay]+0x26
C  [AppKit+0x8c2a8e]  -[NSView _finalize]+0x3f0
C  [AppKit+0x39003]  -[NSView dealloc]+0x15e
C  [Scintilla+0x105d3]  -[ScintillaView dealloc]+0x83
C  [StataMP+0xbf56b8]  icu_54::CollationIterator::nextCE(UErrorCode&)+0xa4e6d8
C  [StataMP+0xbc6a87]  icu_54::CollationIterator::nextCE(UErrorCode&)+0xa1faa7
C  [libobjc.A.dylib+0xf139]  objc_object::sidetable_release(bool)+0x11d
C  [CoreFoundation+0x17932b]  -[__NSSingleObjectArrayI dealloc]+0x2b
C  [libobjc.A.dylib+0xf139]  objc_object::sidetable_release(bool)+0x11d
C  [libobjc.A.dylib+0xa350]  (anonymous namespace)::AutoreleasePoolPage::pop(void*)+0x328
C  [CoreFoundation+0x455b6]  _CFAutoreleasePoolPop+0x16
C  [Foundation+0x42ca2]  -[__NSOperationInternal _start:]+0x3ae
C  [Foundation+0x3ea4b]  __NSOQSchedule_f+0xc9
C  [libdispatch.dylib+0x18fc]  _dispatch_client_callout+0x8
C  [libdispatch.dylib+0xeaac]  _dispatch_main_queue_callback_4CF+0x39d
C  [CoreFoundation+0xc4809]  __CFRUNLOOP_IS_SERVICING_THE_MAIN_DISPATCH_QUEUE__+0x9
C  [CoreFoundation+0x85abd]  __CFRunLoopRun+0x8ad
C  [CoreFoundation+0x84fb4]  CFRunLoopRunSpecific+0x1a4
C  [HIToolbox+0x30ebc]  RunCurrentEventLoopInMode+0xf0
C  [HIToolbox+0x30cf1]  ReceiveNextEventCommon+0x1b0
C  [HIToolbox+0x30b26]  _BlockUntilNextEventMatchingListInModeWithFilter+0x47
C  [AppKit+0x46a04]  _DPSNextEvent+0x460
C  [AppKit+0x7c27ee]  -[NSApplication(NSEvent) _nextEventMatchingEventMask:untilDate:inMode:dequeue:]+0xaec
C  [StataMP+0x246905]  icu_54::CollationIterator::nextCE(UErrorCode&)+0x9f925
C  [StataMP+0x246a44]  icu_54::CollationIterator::nextCE(UErrorCode&)+0x9fa64
C  [StataMP+0x246de6]  icu_54::CollationIterator::nextCE(UErrorCode&)+0x9fe06
C  [StataMP+0x93ae41]  icu_54::CollationIterator::nextCE(UErrorCode&)+0x793e61
C  0x0000000000000000


---------------  P R O C E S S  ---------------

Java Threads: ( => current thread )
  0x00007f89e701a800 JavaThread "Service Thread" daemon [_thread_blocked, id=76311, stack(0x0000700004794000,0x0000700004994000)]
  0x00007f89e7e7a000 JavaThread "C1 CompilerThread1" daemon [_thread_blocked, id=57367, stack(0x0000700004691000,0x0000700004791000)]
  0x00007f89ea8e5800 JavaThread "C2 CompilerThread0" daemon [_thread_blocked, id=58159, stack(0x000070000458e000,0x000070000468e000)]
  0x00007f89e7091800 JavaThread "Signal Dispatcher" daemon [_thread_blocked, id=73287, stack(0x000070000438b000,0x000070000458b000)]
  0x00007f89ea80d000 JavaThread "Surrogate Locker Thread (Concurrent GC)" daemon [_thread_blocked, id=67187, stack(0x0000700004188000,0x0000700004388000)]
  0x00007f89ea982000 JavaThread "Finalizer" daemon [_thread_blocked, id=83063, stack(0x0000700003f85000,0x0000700004185000)]
  0x00007f89e7e79800 JavaThread "Reference Handler" daemon [_thread_blocked, id=80947, stack(0x0000700003d82000,0x0000700003f82000)]
=>0x00007f89e7e7b000 JavaThread "main" [_thread_in_native, id=775, stack(0x00007fff51b07000,0x00007fff52307000)]

Other Threads:
  0x00007f89e7a8a800 VMThread [stack: 0x0000700003c7f000,0x0000700003d7f000] [id=60963]
  0x00007f89e7d6f000 WatcherThread [stack: 0x0000700004997000,0x0000700004a97000] [id=73811]

VM state:not at safepoint (normal execution)

VM Mutex/Monitor currently owned by a thread: None

Heap:
 par new generation   total 4928K, used 775K [0x00000007a8000000, 0x00000007a8550000, 0x00000007b0000000)
  eden space 4416K,   5% used [0x00000007a8000000, 0x00000007a80422d0, 0x00000007a8450000)
  from space 512K,  99% used [0x00000007a84d0000, 0x00000007a854fb38, 0x00000007a8550000)
  to   space 512K,   0% used [0x00000007a8450000, 0x00000007a8450000, 0x00000007a84d0000)
 concurrent mark-sweep generation total 10944K, used 402K [0x00000007b0000000, 0x00000007b0ab0000, 0x00000007c0000000)
 Metaspace       used 3068K, capacity 4664K, committed 4864K, reserved 1056768K
  class space    used 330K, capacity 424K, committed 512K, reserved 1048576K

Card table byte_map: [0x00000001222d5000,0x0000000122396000] byte_map_base: 0x000000011e595000

Marking Bits: (CMSBitMap*) 0x00007f89e7dc8b48
 Bits: [0x0000000122596000, 0x0000000122996000)

Mod Union Table: (CMSBitMap*) 0x00007f89e7dc8c08
 Bits: [0x0000000115078000, 0x0000000115088000)

Polling page: 0x0000000112a8d000

CodeCache: size=245760Kb used=1425Kb max_used=1441Kb free=244334Kb
 bounds [0x0000000124d3a000, 0x0000000124faa000, 0x0000000133d3a000]
 total_blobs=374 nmethods=130 adapters=160
 compilation: enabled

Compilation events (10 events):
Event: 2.027 Thread 0x00007f89ea8e5800  126       4       com.stata.csvparser.Tokenizer::nextToken_u (408 bytes)
Event: 2.147 Thread 0x00007f89e7e7a000  130   !   3       sun.nio.cs.ISO_8859_1$Decoder::decodeArrayLoop (263 bytes)
Event: 2.297 Thread 0x00007f89e7e7a000 nmethod 130 0x0000000124e96350 code [0x0000000124e967e0, 0x0000000124e98eb8]
Event: 2.297 Thread 0x00007f89e7e7a000  132       3       com.stata.csvparser.CSVReader::readLine (13 bytes)
Event: 2.318 Thread 0x00007f89e7e7a000 nmethod 132 0x0000000124e93b10 code [0x0000000124e93c80, 0x0000000124e93e28]
Event: 3.058 Thread 0x00007f89ea8e5800 nmethod 126 0x0000000124e9d910 code [0x0000000124e9db40, 0x0000000124e9f390]
Event: 3.059 Thread 0x00007f89ea8e5800  127   !   4       sun.misc.FloatingDecimal::readJavaFormatString (794 bytes)
Event: 3.858 Thread 0x00007f89ea8e5800 nmethod 127 0x0000000124ea0890 code [0x0000000124ea0bc0, 0x0000000124ea2318]
Event: 3.858 Thread 0x00007f89ea8e5800  125       4       java.util.Arrays::copyOfRange (63 bytes)
Event: 3.867 Thread 0x00007f89ea8e5800 nmethod 125 0x0000000124e9bb90 code [0x0000000124e9bce0, 0x0000000124e9bed8]

GC Heap History (2 events):
Event: 2.191 GC heap before
{Heap before GC invocations=0 (full 0):
 par new generation   total 4928K, used 4416K [0x00000007a8000000, 0x00000007a8550000, 0x00000007b0000000)
  eden space 4416K, 100% used [0x00000007a8000000, 0x00000007a8450000, 0x00000007a8450000)
  from space 512K,   0% used [0x00000007a8450000, 0x00000007a8450000, 0x00000007a84d0000)
  to   space 512K,   0% used [0x00000007a84d0000, 0x00000007a84d0000, 0x00000007a8550000)
 concurrent mark-sweep generation total 10944K, used 0K [0x00000007b0000000, 0x00000007b0ab0000, 0x00000007c0000000)
 Metaspace       used 3068K, capacity 4664K, committed 4864K, reserved 1056768K
  class space    used 330K, capacity 424K, committed 512K, reserved 1048576K
Event: 2.214 GC heap after
Heap after GC invocations=1 (full 0):
 par new generation   total 4928K, used 510K [0x00000007a8000000, 0x00000007a8550000, 0x00000007b0000000)
  eden space 4416K,   0% used [0x00000007a8000000, 0x00000007a8000000, 0x00000007a8450000)
  from space 512K,  99% used [0x00000007a84d0000, 0x00000007a854fb38, 0x00000007a8550000)
  to   space 512K,   0% used [0x00000007a8450000, 0x00000007a8450000, 0x00000007a84d0000)
 concurrent mark-sweep generation total 10944K, used 402K [0x00000007b0000000, 0x00000007b0ab0000, 0x00000007c0000000)
 Metaspace       used 3068K, capacity 4664K, committed 4864K, reserved 1056768K
  class space    used 330K, capacity 424K, committed 512K, reserved 1048576K
}

Deoptimization events (0 events):
No events

Internal exceptions (10 events):
Event: 0.867 Thread 0x00007f89e7e7b000 Exception <a 'java/security/PrivilegedActionException'> (0x00000007a80f6cb0) thrown at [/Users/java_re/workspace/8-2-build-macosx-x86_64/jdk8u31/2394/hotspot/src/share/vm/prims/jvm.cpp, line 1312]
Event: 0.927 Thread 0x00007f89e7e7b000 Exception <a 'java/security/PrivilegedActionException'> (0x00000007a80fba68) thrown at [/Users/java_re/workspace/8-2-build-macosx-x86_64/jdk8u31/2394/hotspot/src/share/vm/prims/jvm.cpp, line 1312]
Event: 0.932 Thread 0x00007f89e7e7b000 Exception <a 'java/security/PrivilegedActionException'> (0x00000007a80fee98) thrown at [/Users/java_re/workspace/8-2-build-macosx-x86_64/jdk8u31/2394/hotspot/src/share/vm/prims/jvm.cpp, line 1312]
Event: 0.954 Thread 0x00007f89e7e7b000 Exception <a 'java/security/PrivilegedActionException'> (0x00000007a8102a60) thrown at [/Users/java_re/workspace/8-2-build-macosx-x86_64/jdk8u31/2394/hotspot/src/share/vm/prims/jvm.cpp, line 1312]
Event: 0.968 Thread 0x00007f89e7e7b000 Exception <a 'java/security/PrivilegedActionException'> (0x00000007a810b000) thrown at [/Users/java_re/workspace/8-2-build-macosx-x86_64/jdk8u31/2394/hotspot/src/share/vm/prims/jvm.cpp, line 1312]
Event: 0.974 Thread 0x00007f89e7e7b000 Exception <a 'java/security/PrivilegedActionException'> (0x00000007a81163e0) thrown at [/Users/java_re/workspace/8-2-build-macosx-x86_64/jdk8u31/2394/hotspot/src/share/vm/prims/jvm.cpp, line 1312]
Event: 0.977 Thread 0x00007f89e7e7b000 Exception <a 'java/security/PrivilegedActionException'> (0x00000007a811ce78) thrown at [/Users/java_re/workspace/8-2-build-macosx-x86_64/jdk8u31/2394/hotspot/src/share/vm/prims/jvm.cpp, line 1312]
Event: 0.985 Thread 0x00007f89e7e7b000 Exception <a 'java/security/PrivilegedActionException'> (0x00000007a8128228) thrown at [/Users/java_re/workspace/8-2-build-macosx-x86_64/jdk8u31/2394/hotspot/src/share/vm/prims/jvm.cpp, line 1312]
Event: 0.987 Thread 0x00007f89e7e7b000 Exception <a 'java/security/PrivilegedActionException'> (0x00000007a812e0a0) thrown at [/Users/java_re/workspace/8-2-build-macosx-x86_64/jdk8u31/2394/hotspot/src/share/vm/prims/jvm.cpp, line 1312]
Event: 0.995 Thread 0x00007f89e7e7b000 Exception <a 'java/security/PrivilegedActionException'> (0x00000007a8134938) thrown at [/Users/java_re/workspace/8-2-build-macosx-x86_64/jdk8u31/2394/hotspot/src/share/vm/prims/jvm.cpp, line 1312]

Events (10 events):
Event: 1.005 loading class sun/misc/FloatingDecimal$PreparedASCIIToBinaryBuffer
Event: 1.005 loading class sun/misc/FloatingDecimal$ASCIIToBinaryConverter
Event: 1.005 loading class sun/misc/FloatingDecimal$ASCIIToBinaryConverter done
Event: 1.005 loading class sun/misc/FloatingDecimal$PreparedASCIIToBinaryBuffer done
Event: 1.005 loading class sun/misc/FloatingDecimal$ASCIIToBinaryBuffer
Event: 1.007 loading class sun/misc/FloatingDecimal$ASCIIToBinaryBuffer done
Event: 2.191 Executing VM operation: GenCollectForAllocation
Event: 2.214 Executing VM operation: GenCollectForAllocation done
Event: 4.664 Executing VM operation: EnableBiasedLocking
Event: 4.664 Executing VM operation: EnableBiasedLocking done


Dynamic libraries:
0x000000005f0f4000 	/System/Library/Frameworks/ApplicationServices.framework/Versions/A/ApplicationServices
0x000000005f0f4000 	/System/Library/Frameworks/Cocoa.framework/Versions/A/Cocoa
0x000000005f0f4000 	/System/Library/Frameworks/QuartzCore.framework/Versions/A/QuartzCore
0x000000005f0f4000 	/System/Library/Frameworks/Security.framework/Versions/A/Security
0x000000005f0f4000 	/System/Library/Frameworks/SecurityFoundation.framework/Versions/A/SecurityFoundation
0x000000005f0f4000 	/System/Library/Frameworks/SystemConfiguration.framework/Versions/A/SystemConfiguration
0x000000005f0f4000 	/usr/lib/libstdc++.6.dylib
0x0000000110304000 	/Applications/Stata/StataMP.app/Contents/Frameworks/Scintilla.framework/Versions/A/Scintilla
0x000000005f0f4000 	/usr/lib/libc++.1.dylib
0x000000005f0f4000 	/usr/lib/libSystem.B.dylib
0x000000005f0f4000 	/System/Library/Frameworks/AppKit.framework/Versions/C/AppKit
0x000000005f0f4000 	/System/Library/Frameworks/CoreFoundation.framework/Versions/A/CoreFoundation
0x000000005f0f4000 	/System/Library/Frameworks/CoreServices.framework/Versions/A/CoreServices
0x000000005f0f4000 	/System/Library/Frameworks/Foundation.framework/Versions/C/Foundation
0x000000005f0f4000 	/usr/lib/libobjc.A.dylib
0x000000005f0f4000 	/System/Library/Frameworks/CoreGraphics.framework/Versions/A/CoreGraphics
0x000000005f0f4000 	/System/Library/Frameworks/CoreText.framework/Versions/A/CoreText
0x000000005f0f4000 	/System/Library/Frameworks/ImageIO.framework/Versions/A/ImageIO
0x000000005f0f4000 	/System/Library/Frameworks/ApplicationServices.framework/Versions/A/Frameworks/ATS.framework/Versions/A/ATS
0x000000005f0f4000 	/System/Library/Frameworks/ApplicationServices.framework/Versions/A/Frameworks/ColorSync.framework/Versions/A/ColorSync
0x000000005f0f4000 	/System/Library/Frameworks/ApplicationServices.framework/Versions/A/Frameworks/HIServices.framework/Versions/A/HIServices
0x000000005f0f4000 	/System/Library/Frameworks/ApplicationServices.framework/Versions/A/Frameworks/LangAnalysis.framework/Versions/A/LangAnalysis
0x000000005f0f4000 	/System/Library/Frameworks/ApplicationServices.framework/Versions/A/Frameworks/PrintCore.framework/Versions/A/PrintCore
0x000000005f0f4000 	/System/Library/Frameworks/ApplicationServices.framework/Versions/A/Frameworks/QD.framework/Versions/A/QD
0x000000005f0f4000 	/System/Library/Frameworks/ApplicationServices.framework/Versions/A/Frameworks/SpeechSynthesis.framework/Versions/A/SpeechSynthesis
0x000000005f0f4000 	/System/Library/Frameworks/CFNetwork.framework/Versions/A/CFNetwork
0x000000005f0f4000 	/System/Library/Frameworks/IOKit.framework/Versions/A/IOKit
0x000000005f0f4000 	/System/Library/Frameworks/Accelerate.framework/Versions/A/Accelerate
0x000000005f0f4000 	/usr/lib/libz.1.dylib
0x000000005f0f4000 	/usr/lib/libauto.dylib
0x000000005f0f4000 	/usr/lib/libbsm.0.dylib
0x000000005f0f4000 	/usr/lib/libsqlite3.dylib
0x000000005f0f4000 	/usr/lib/libxml2.2.dylib
0x000000005f0f4000 	/usr/lib/libicucore.A.dylib
0x000000005f0f4000 	/usr/lib/libnetwork.dylib
0x000000005f0f4000 	/usr/lib/libc++abi.dylib
0x000000005f0f4000 	/usr/lib/system/libcache.dylib
0x000000005f0f4000 	/usr/lib/system/libcommonCrypto.dylib
0x000000005f0f4000 	/usr/lib/system/libcompiler_rt.dylib
0x000000005f0f4000 	/usr/lib/system/libcopyfile.dylib
0x000000005f0f4000 	/usr/lib/system/libcorecrypto.dylib
0x000000005f0f4000 	/usr/lib/system/libdispatch.dylib
0x000000005f0f4000 	/usr/lib/system/libdyld.dylib
0x000000005f0f4000 	/usr/lib/system/libkeymgr.dylib
0x000000005f0f4000 	/usr/lib/system/liblaunch.dylib
0x000000005f0f4000 	/usr/lib/system/libmacho.dylib
0x000000005f0f4000 	/usr/lib/system/libquarantine.dylib
0x000000005f0f4000 	/usr/lib/system/libremovefile.dylib
0x000000005f0f4000 	/usr/lib/system/libsystem_asl.dylib
0x000000005f0f4000 	/usr/lib/system/libsystem_blocks.dylib
0x000000005f0f4000 	/usr/lib/system/libsystem_c.dylib
0x000000005f0f4000 	/usr/lib/system/libsystem_configuration.dylib
0x000000005f0f4000 	/usr/lib/system/libsystem_coreservices.dylib
0x000000005f0f4000 	/usr/lib/system/libsystem_coretls.dylib
0x000000005f0f4000 	/usr/lib/system/libsystem_dnssd.dylib
0x000000005f0f4000 	/usr/lib/system/libsystem_info.dylib
0x000000005f0f4000 	/usr/lib/system/libsystem_kernel.dylib
0x000000005f0f4000 	/usr/lib/system/libsystem_m.dylib
0x000000005f0f4000 	/usr/lib/system/libsystem_malloc.dylib
0x000000005f0f4000 	/usr/lib/system/libsystem_network.dylib
0x000000005f0f4000 	/usr/lib/system/libsystem_networkextension.dylib
0x000000005f0f4000 	/usr/lib/system/libsystem_notify.dylib
0x000000005f0f4000 	/usr/lib/system/libsystem_platform.dylib
0x000000005f0f4000 	/usr/lib/system/libsystem_pthread.dylib
0x000000005f0f4000 	/usr/lib/system/libsystem_sandbox.dylib
0x000000005f0f4000 	/usr/lib/system/libsystem_secinit.dylib
0x000000005f0f4000 	/usr/lib/system/libsystem_symptoms.dylib
0x000000005f0f4000 	/usr/lib/system/libsystem_trace.dylib
0x000000005f0f4000 	/usr/lib/system/libunwind.dylib
0x000000005f0f4000 	/usr/lib/system/libxpc.dylib
0x000000005f0f4000 	/usr/lib/libenergytrace.dylib
0x000000005f0f4000 	/usr/lib/system/libkxld.dylib
0x000000005f0f4000 	/usr/lib/libDiagnosticMessagesClient.dylib
0x000000005f0f4000 	/usr/lib/libpcap.A.dylib
0x000000005f0f4000 	/usr/lib/libcoretls.dylib
0x000000005f0f4000 	/usr/lib/libcoretls_cfhelpers.dylib
0x000000005f0f4000 	/usr/lib/libOpenScriptingUtil.dylib
0x000000005f0f4000 	/usr/lib/libpam.2.dylib
0x000000005f0f4000 	/usr/lib/libxar.1.dylib
0x000000005f0f4000 	/usr/lib/libbz2.1.0.dylib
0x000000005f0f4000 	/usr/lib/liblzma.5.dylib
0x000000005f0f4000 	/System/Library/Frameworks/Accelerate.framework/Versions/A/Frameworks/vImage.framework/Versions/A/vImage
0x000000005f0f4000 	/System/Library/Frameworks/Accelerate.framework/Versions/A/Frameworks/vecLib.framework/Versions/A/vecLib
0x000000005f0f4000 	/System/Library/Frameworks/Accelerate.framework/Versions/A/Frameworks/vecLib.framework/Versions/A/libvDSP.dylib
0x000000005f0f4000 	/System/Library/Frameworks/Accelerate.framework/Versions/A/Frameworks/vecLib.framework/Versions/A/libBNNS.dylib
0x000000005f0f4000 	/System/Library/Frameworks/Accelerate.framework/Versions/A/Frameworks/vecLib.framework/Versions/A/libQuadrature.dylib
0x000000005f0f4000 	/System/Library/Frameworks/Accelerate.framework/Versions/A/Frameworks/vecLib.framework/Versions/A/libvMisc.dylib
0x000000005f0f4000 	/System/Library/Frameworks/Accelerate.framework/Versions/A/Frameworks/vecLib.framework/Versions/A/libLAPACK.dylib
0x000000005f0f4000 	/System/Library/Frameworks/Accelerate.framework/Versions/A/Frameworks/vecLib.framework/Versions/A/libBLAS.dylib
0x000000005f0f4000 	/System/Library/Frameworks/Accelerate.framework/Versions/A/Frameworks/vecLib.framework/Versions/A/libLinearAlgebra.dylib
0x000000005f0f4000 	/System/Library/Frameworks/Accelerate.framework/Versions/A/Frameworks/vecLib.framework/Versions/A/libSparseBLAS.dylib
0x000000005f0f4000 	/System/Library/Frameworks/CoreServices.framework/Versions/A/Frameworks/FSEvents.framework/Versions/A/FSEvents
0x000000005f0f4000 	/System/Library/Frameworks/CoreServices.framework/Versions/A/Frameworks/CarbonCore.framework/Versions/A/CarbonCore
0x000000005f0f4000 	/System/Library/Frameworks/CoreServices.framework/Versions/A/Frameworks/Metadata.framework/Versions/A/Metadata
0x000000005f0f4000 	/System/Library/Frameworks/CoreServices.framework/Versions/A/Frameworks/OSServices.framework/Versions/A/OSServices
0x000000005f0f4000 	/System/Library/Frameworks/CoreServices.framework/Versions/A/Frameworks/SearchKit.framework/Versions/A/SearchKit
0x000000005f0f4000 	/System/Library/Frameworks/CoreServices.framework/Versions/A/Frameworks/AE.framework/Versions/A/AE
0x000000005f0f4000 	/System/Library/Frameworks/CoreServices.framework/Versions/A/Frameworks/LaunchServices.framework/Versions/A/LaunchServices
0x000000005f0f4000 	/System/Library/Frameworks/CoreServices.framework/Versions/A/Frameworks/DictionaryServices.framework/Versions/A/DictionaryServices
0x000000005f0f4000 	/System/Library/Frameworks/CoreServices.framework/Versions/A/Frameworks/SharedFileList.framework/Versions/A/SharedFileList
0x000000005f0f4000 	/System/Library/Frameworks/DiskArbitration.framework/Versions/A/DiskArbitration
0x000000005f0f4000 	/System/Library/Frameworks/NetFS.framework/Versions/A/NetFS
0x000000005f0f4000 	/System/Library/PrivateFrameworks/NetAuth.framework/Versions/A/NetAuth
0x000000005f0f4000 	/System/Library/PrivateFrameworks/login.framework/Versions/A/Frameworks/loginsupport.framework/Versions/A/loginsupport
0x000000005f0f4000 	/usr/lib/libarchive.2.dylib
0x000000005f0f4000 	/usr/lib/liblangid.dylib
0x000000005f0f4000 	/usr/lib/libCRFSuite.dylib
0x000000005f0f4000 	/System/Library/PrivateFrameworks/TCC.framework/Versions/A/TCC
0x000000005f0f4000 	/usr/lib/libmecabra.dylib
0x000000005f0f4000 	/System/Library/PrivateFrameworks/LanguageModeling.framework/Versions/A/LanguageModeling
0x000000005f0f4000 	/usr/lib/libmarisa.dylib
0x000000005f0f4000 	/usr/lib/libChineseTokenizer.dylib
0x000000005f0f4000 	/usr/lib/libcmph.dylib
0x000000005f0f4000 	/usr/lib/libiconv.2.dylib
0x000000005f0f4000 	/System/Library/Frameworks/CoreData.framework/Versions/A/CoreData
0x000000005f0f4000 	/System/Library/PrivateFrameworks/CoreEmoji.framework/Versions/A/CoreEmoji
0x000000005f0f4000 	/usr/lib/libcompression.dylib
0x000000005f0f4000 	/System/Library/Frameworks/OpenDirectory.framework/Versions/A/Frameworks/CFOpenDirectory.framework/Versions/A/CFOpenDirectory
0x000000005f0f4000 	/System/Library/Frameworks/ServiceManagement.framework/Versions/A/ServiceManagement
0x000000005f0f4000 	/usr/lib/libxslt.1.dylib
0x000000005f0f4000 	/System/Library/Frameworks/ApplicationServices.framework/Versions/A/Frameworks/ATS.framework/Versions/A/Resources/libFontParser.dylib
0x000000005f0f4000 	/System/Library/Frameworks/ApplicationServices.framework/Versions/A/Frameworks/ATS.framework/Versions/A/Resources/libFontRegistry.dylib
0x000000005f0f4000 	/System/Library/Frameworks/ImageIO.framework/Versions/A/Resources/libJPEG.dylib
0x000000005f0f4000 	/System/Library/Frameworks/ImageIO.framework/Versions/A/Resources/libTIFF.dylib
0x000000005f0f4000 	/System/Library/Frameworks/ImageIO.framework/Versions/A/Resources/libPng.dylib
0x000000005f0f4000 	/System/Library/Frameworks/ImageIO.framework/Versions/A/Resources/libGIF.dylib
0x000000005f0f4000 	/System/Library/Frameworks/ImageIO.framework/Versions/A/Resources/libJP2.dylib
0x000000005f0f4000 	/System/Library/Frameworks/ImageIO.framework/Versions/A/Resources/libRadiance.dylib
0x000000005f0f4000 	/System/Library/PrivateFrameworks/AppleJPEG.framework/Versions/A/AppleJPEG
0x000000005f0f4000 	/System/Library/Frameworks/IOSurface.framework/Versions/A/IOSurface
0x000000005f0f4000 	/System/Library/PrivateFrameworks/MultitouchSupport.framework/Versions/A/MultitouchSupport
0x000000005f0f4000 	/usr/lib/libcups.2.dylib
0x000000005f0f4000 	/System/Library/Frameworks/Kerberos.framework/Versions/A/Kerberos
0x000000005f0f4000 	/System/Library/Frameworks/GSS.framework/Versions/A/GSS
0x000000005f0f4000 	/usr/lib/libresolv.9.dylib
0x000000005f0f4000 	/System/Library/PrivateFrameworks/Heimdal.framework/Versions/A/Heimdal
0x000000005f0f4000 	/usr/lib/libheimdal-asn1.dylib
0x000000005f0f4000 	/System/Library/Frameworks/OpenDirectory.framework/Versions/A/OpenDirectory
0x000000005f0f4000 	/System/Library/PrivateFrameworks/CommonAuth.framework/Versions/A/CommonAuth
0x000000005f0f4000 	/System/Library/Frameworks/CoreAudio.framework/Versions/A/CoreAudio
0x000000005f0f4000 	/System/Library/Frameworks/AudioToolbox.framework/Versions/A/AudioToolbox
0x000000005f0f4000 	/System/Library/PrivateFrameworks/RemoteViewServices.framework/Versions/A/RemoteViewServices
0x000000005f0f4000 	/System/Library/PrivateFrameworks/UIFoundation.framework/Versions/A/UIFoundation
0x000000005f0f4000 	/System/Library/PrivateFrameworks/DFRFoundation.framework/Versions/A/DFRFoundation
0x000000005f0f4000 	/System/Library/PrivateFrameworks/SkyLight.framework/Versions/A/SkyLight
0x000000005f0f4000 	/usr/lib/libScreenReader.dylib
0x000000005f0f4000 	/System/Library/Frameworks/AudioUnit.framework/Versions/A/AudioUnit
0x000000005f0f4000 	/System/Library/PrivateFrameworks/DataDetectorsCore.framework/Versions/A/DataDetectorsCore
0x000000005f0f4000 	/System/Library/PrivateFrameworks/DesktopServicesPriv.framework/Versions/A/DesktopServicesPriv
0x000000005f0f4000 	/System/Library/Frameworks/Carbon.framework/Versions/A/Frameworks/HIToolbox.framework/Versions/A/HIToolbox
0x000000005f0f4000 	/System/Library/Frameworks/Carbon.framework/Versions/A/Frameworks/SpeechRecognition.framework/Versions/A/SpeechRecognition
0x000000005f0f4000 	/System/Library/PrivateFrameworks/CoreUI.framework/Versions/A/CoreUI
0x000000005f0f4000 	/System/Library/PrivateFrameworks/PerformanceAnalysis.framework/Versions/A/PerformanceAnalysis
0x000000005f0f4000 	/System/Library/PrivateFrameworks/GenerationalStorage.framework/Versions/A/GenerationalStorage
0x000000005f0f4000 	/System/Library/Frameworks/OpenGL.framework/Versions/A/OpenGL
0x000000005f0f4000 	/System/Library/Frameworks/CoreImage.framework/Versions/A/CoreImage
0x000000005f0f4000 	/System/Library/PrivateFrameworks/Backup.framework/Versions/A/Backup
0x000000005f0f4000 	/System/Library/Frameworks/Carbon.framework/Versions/A/Frameworks/Ink.framework/Versions/A/Ink
0x000000005f0f4000 	/System/Library/PrivateFrameworks/TextureIO.framework/Versions/A/TextureIO
0x000000005f0f4000 	/System/Library/Frameworks/Metal.framework/Versions/A/Metal
0x000000005f0f4000 	/usr/lib/libate.dylib
0x000000005f0f4000 	/System/Library/PrivateFrameworks/GPUCompiler.framework/libmetal_timestamp.dylib
0x000000005f0f4000 	/System/Library/Frameworks/OpenGL.framework/Versions/A/Libraries/libCoreFSCache.dylib
0x000000005f0f4000 	/System/Library/PrivateFrameworks/IOAccelerator.framework/Versions/A/IOAccelerator
0x000000005f0f4000 	/System/Library/Frameworks/CoreVideo.framework/Versions/A/CoreVideo
0x000000005f0f4000 	/usr/lib/libFosl_dynamic.dylib
0x000000005f0f4000 	/System/Library/PrivateFrameworks/MetalPerformanceShaders.framework/Versions/A/MetalPerformanceShaders
0x000000005f0f4000 	/System/Library/PrivateFrameworks/FaceCore.framework/Versions/A/FaceCore
0x000000005f0f4000 	/System/Library/Frameworks/OpenCL.framework/Versions/A/OpenCL
0x000000005f0f4000 	/System/Library/Frameworks/OpenGL.framework/Versions/A/Libraries/libGLU.dylib
0x000000005f0f4000 	/System/Library/Frameworks/OpenGL.framework/Versions/A/Libraries/libGFXShared.dylib
0x000000005f0f4000 	/System/Library/Frameworks/OpenGL.framework/Versions/A/Libraries/libGL.dylib
0x000000005f0f4000 	/System/Library/Frameworks/OpenGL.framework/Versions/A/Libraries/libGLImage.dylib
0x000000005f0f4000 	/System/Library/Frameworks/OpenGL.framework/Versions/A/Libraries/libCVMSPluginSupport.dylib
0x000000005f0f4000 	/System/Library/Frameworks/OpenGL.framework/Versions/A/Libraries/libCoreVMClient.dylib
0x000000005f0f4000 	/System/Library/PrivateFrameworks/CrashReporterSupport.framework/Versions/A/CrashReporterSupport
0x000000005f0f4000 	/System/Library/PrivateFrameworks/Sharing.framework/Versions/A/Sharing
0x000000005f0f4000 	/System/Library/PrivateFrameworks/IconServices.framework/Versions/A/IconServices
0x000000005f0f4000 	/System/Library/PrivateFrameworks/ProtocolBuffer.framework/Versions/A/ProtocolBuffer
0x000000005f0f4000 	/System/Library/PrivateFrameworks/Apple80211.framework/Versions/A/Apple80211
0x000000005f0f4000 	/System/Library/Frameworks/CoreWLAN.framework/Versions/A/CoreWLAN
0x000000005f0f4000 	/System/Library/PrivateFrameworks/CoreUtils.framework/Versions/A/CoreUtils
0x000000005f0f4000 	/System/Library/Frameworks/IOBluetooth.framework/Versions/A/IOBluetooth
0x000000005f0f4000 	/System/Library/PrivateFrameworks/CoreWiFi.framework/Versions/A/CoreWiFi
0x000000005f0f4000 	/System/Library/Frameworks/CoreBluetooth.framework/Versions/A/CoreBluetooth
0x000000005f0f4000 	/System/Library/Frameworks/CoreDisplay.framework/Versions/A/CoreDisplay
0x000000005f0f4000 	/System/Library/PrivateFrameworks/IOPresentment.framework/Versions/A/IOPresentment
0x000000005f0f4000 	/System/Library/PrivateFrameworks/DSExternalDisplay.framework/Versions/A/DSExternalDisplay
0x000000005f0f4000 	/System/Library/PrivateFrameworks/DebugSymbols.framework/Versions/A/DebugSymbols
0x000000005f0f4000 	/System/Library/PrivateFrameworks/CoreSymbolication.framework/Versions/A/CoreSymbolication
0x000000005f0f4000 	/System/Library/PrivateFrameworks/Symbolication.framework/Versions/A/Symbolication
0x000000005f0f4000 	/System/Library/PrivateFrameworks/AppleFSCompression.framework/Versions/A/AppleFSCompression
0x000000005f0f4000 	/System/Library/PrivateFrameworks/SpeechRecognitionCore.framework/Versions/A/SpeechRecognitionCore
0x000000005f0f4000 	/System/Library/PrivateFrameworks/ChunkingLibrary.framework/Versions/A/ChunkingLibrary
0x000000005f0f4000 	/System/Library/PrivateFrameworks/CoreServicesInternal.framework/Versions/A/CoreServicesInternal
0x000000005f0f4000 	/System/Library/CoreServices/RawCamera.bundle/Contents/MacOS/RawCamera
0x000000005f0f4000 	/System/Library/Frameworks/ApplicationServices.framework/Versions/A/Frameworks/ATS.framework/Versions/A/Resources/libTrueTypeScaler.dylib
0x000000005f0f4000 	/System/Library/Frameworks/Accelerate.framework/Versions/A/Frameworks/vImage.framework/Versions/A/Libraries/libCGInterfaces.dylib
0x000000005f0f4000 	/System/Library/Frameworks/OpenGL.framework/Versions/A/Resources/GLEngine.bundle/GLEngine
0x000000005f0f4000 	/System/Library/Frameworks/OpenGL.framework/Versions/A/Libraries/libGLProgrammability.dylib
0x00000001152ae000 	/System/Library/Extensions/GeForceTeslaGLDriver.bundle/Contents/MacOS/GeForceTeslaGLDriver
0x0000000116e72000 	/System/Library/Extensions/GeForceTeslaGLDriver.bundle/Contents/MacOS/libclh.dylib
0x000000005f0f4000 	/System/Library/PrivateFrameworks/GPUSupport.framework/Versions/A/Libraries/libGPUSupport.dylib
0x000000005f0f4000 	/System/Library/Frameworks/OpenGL.framework/Versions/A/Resources/GLRendererFloat.bundle/GLRendererFloat
0x000000005f0f4000 	/System/Library/Frameworks/OpenCL.framework/Versions/A/Libraries/libcldcpuengine.dylib
0x000000005f0f4000 	/usr/lib/libcrypto.0.9.8.dylib
0x000000005f0f4000 	/System/Library/PrivateFrameworks/TrustEvaluationAgent.framework/Versions/A/TrustEvaluationAgent
0x000000005f0f4000 	/System/Library/PrivateFrameworks/CloudDocs.framework/Versions/A/CloudDocs
0x000000005f0f4000 	/System/Library/Frameworks/CloudKit.framework/Versions/A/CloudKit
0x000000005f0f4000 	/System/Library/PrivateFrameworks/MMCS.framework/Versions/A/MMCS
0x000000005f0f4000 	/System/Library/Frameworks/CoreLocation.framework/Versions/A/CoreLocation
0x000000005f0f4000 	/System/Library/PrivateFrameworks/ProtectedCloudStorage.framework/Versions/A/ProtectedCloudStorage
0x000000005f0f4000 	/System/Library/PrivateFrameworks/AssetCacheServices.framework/Versions/A/AssetCacheServices
0x000000005f0f4000 	/System/Library/PrivateFrameworks/GeoServices.framework/Versions/A/GeoServices
0x000000011d030000 	cl_kernels
0x000000005f0f4000 	/System/Library/Frameworks/OpenCL.framework/Versions/A/Libraries/ImageFormats/unorm8_bgra.dylib
0x000000011d034000 	cl_kernels
0x000000005f0f4000 	/System/Library/Frameworks/OpenCL.framework/Versions/A/Libraries/ImageFormats/unorm8_rgba.dylib
0x000000005f0f4000 	/System/Library/PrivateFrameworks/ViewBridge.framework/Versions/A/ViewBridge
0x000000005f0f4000 	/System/Library/PrivateFrameworks/XPCService.framework/Versions/A/XPCService
0x000000005f0f4000 	/System/Library/PrivateFrameworks/AppSandbox.framework/Versions/A/AppSandbox
0x000000005f0f4000 	/usr/lib/libsandbox.1.dylib
0x000000005f0f4000 	/System/Library/PrivateFrameworks/AppContainer.framework/Versions/A/AppContainer
0x000000005f0f4000 	/System/Library/PrivateFrameworks/SecCodeWrapper.framework/Versions/A/SecCodeWrapper
0x000000005f0f4000 	/usr/lib/libMatch.1.dylib
0x000000011d657000 	/System/Library/PrivateFrameworks/CoreNLP.framework/Versions/A/CoreNLP
0x000000011d474000 	cl_kernels
0x000000005f0f4000 	/System/Library/PrivateFrameworks/FinderKit.framework/Versions/A/FinderKit
0x000000005f0f4000 	/System/Library/Frameworks/Quartz.framework/Versions/A/Frameworks/QuickLookUI.framework/Versions/A/QuickLookUI
0x000000005f0f4000 	/System/Library/Frameworks/Quartz.framework/Versions/A/Frameworks/ImageKit.framework/Versions/A/ImageKit
0x000000005f0f4000 	/System/Library/PrivateFrameworks/Bom.framework/Versions/A/Bom
0x000000005f0f4000 	/System/Library/Frameworks/QuickLook.framework/Versions/A/QuickLook
0x000000005f0f4000 	/System/Library/PrivateFrameworks/Suggestions.framework/Versions/A/Suggestions
0x000000005f0f4000 	/System/Library/PrivateFrameworks/SystemAdministration.framework/Versions/A/SystemAdministration
0x000000005f0f4000 	/System/Library/PrivateFrameworks/DiskImages.framework/Versions/A/DiskImages
0x000000005f0f4000 	/System/Library/PrivateFrameworks/AppleSystemInfo.framework/Versions/A/AppleSystemInfo
0x000000005f0f4000 	/System/Library/Frameworks/ImageCaptureCore.framework/Versions/A/ImageCaptureCore
0x000000005f0f4000 	/System/Library/Frameworks/SafariServices.framework/Versions/A/SafariServices
0x000000005f0f4000 	/System/Library/Frameworks/QTKit.framework/Versions/A/QTKit
0x000000005f0f4000 	/System/Library/PrivateFrameworks/MobileKeyBag.framework/Versions/A/MobileKeyBag
0x000000005f0f4000 	/System/Library/Frameworks/AVFoundation.framework/Versions/A/AVFoundation
0x000000005f0f4000 	/System/Library/Frameworks/CoreMedia.framework/Versions/A/CoreMedia
0x000000005f0f4000 	/System/Library/Frameworks/MediaToolbox.framework/Versions/A/MediaToolbox
0x000000005f0f4000 	/System/Library/Frameworks/VideoToolbox.framework/Versions/A/VideoToolbox
0x000000005f0f4000 	/System/Library/Frameworks/Carbon.framework/Versions/A/Carbon
0x000000005f0f4000 	/System/Library/PrivateFrameworks/CoreMediaAuthoring.framework/Versions/A/CoreMediaAuthoring
0x000000005f0f4000 	/System/Library/Frameworks/CoreMediaIO.framework/Versions/A/CoreMediaIO
0x000000005f0f4000 	/System/Library/Frameworks/AVFoundation.framework/Versions/A/Frameworks/AVFAudio.framework/Versions/A/AVFAudio
0x000000005f0f4000 	/System/Library/PrivateFrameworks/IntlPreferences.framework/Versions/A/IntlPreferences
0x000000005f0f4000 	/usr/lib/libspindump.dylib
0x000000005f0f4000 	/usr/lib/libdscsym.dylib
0x000000005f0f4000 	/System/Library/PrivateFrameworks/CoreAVCHD.framework/Versions/A/CoreAVCHD
0x000000005f0f4000 	/System/Library/Frameworks/MediaAccessibility.framework/Versions/A/MediaAccessibility
0x000000005f0f4000 	/System/Library/PrivateFrameworks/Mangrove.framework/Versions/A/Mangrove
0x000000005f0f4000 	/System/Library/PrivateFrameworks/CoreAUC.framework/Versions/A/CoreAUC
0x000000005f0f4000 	/System/Library/PrivateFrameworks/AppleVA.framework/Versions/A/AppleVA
0x000000005f0f4000 	/System/Library/Frameworks/Carbon.framework/Versions/A/Frameworks/CommonPanels.framework/Versions/A/CommonPanels
0x000000005f0f4000 	/System/Library/Frameworks/Carbon.framework/Versions/A/Frameworks/Help.framework/Versions/A/Help
0x000000005f0f4000 	/System/Library/Frameworks/Carbon.framework/Versions/A/Frameworks/ImageCapture.framework/Versions/A/ImageCapture
0x000000005f0f4000 	/System/Library/Frameworks/Carbon.framework/Versions/A/Frameworks/OpenScripting.framework/Versions/A/OpenScripting
0x000000005f0f4000 	/System/Library/Frameworks/Carbon.framework/Versions/A/Frameworks/Print.framework/Versions/A/Print
0x000000005f0f4000 	/System/Library/Frameworks/Carbon.framework/Versions/A/Frameworks/SecurityHI.framework/Versions/A/SecurityHI
0x000000005f0f4000 	/System/Library/PrivateFrameworks/QuickLookThumbnailing.framework/Versions/A/QuickLookThumbnailing
0x000000005f0f4000 	/System/Library/PrivateFrameworks/DisplayServices.framework/Versions/A/DisplayServices
0x000000005f0f4000 	/System/Library/Frameworks/Quartz.framework/Versions/A/Frameworks/PDFKit.framework/Versions/A/PDFKit
0x000000005f0f4000 	/System/Library/Frameworks/Quartz.framework/Versions/A/Frameworks/QuartzComposer.framework/Versions/A/QuartzComposer
0x000000005f0f4000 	/System/Library/Frameworks/Quartz.framework/Versions/A/Frameworks/QuartzFilters.framework/Versions/A/QuartzFilters
0x000000005f0f4000 	/System/Library/PrivateFrameworks/CorePDF.framework/Versions/A/CorePDF
0x000000005f0f4000 	/System/Library/Frameworks/JavaScriptCore.framework/Versions/A/JavaScriptCore
0x000000005f0f4000 	/System/Library/Frameworks/AddressBook.framework/Versions/A/AddressBook
0x000000005f0f4000 	/System/Library/PrivateFrameworks/ContactsPersistence.framework/Versions/A/ContactsPersistence
0x000000005f0f4000 	/System/Library/PrivateFrameworks/CalendarAgentLink.framework/Versions/A/CalendarAgentLink
0x000000005f0f4000 	/System/Library/PrivateFrameworks/ContactsFoundation.framework/Versions/A/ContactsFoundation
0x000000005f0f4000 	/System/Library/PrivateFrameworks/vCard.framework/Versions/A/vCard
0x000000005f0f4000 	/System/Library/PrivateFrameworks/ToneLibrary.framework/Versions/A/ToneLibrary
0x000000005f0f4000 	/System/Library/PrivateFrameworks/ToneKit.framework/Versions/A/ToneKit
0x000000005f0f4000 	/System/Library/PrivateFrameworks/ApplePushService.framework/Versions/A/ApplePushService
0x000000005f0f4000 	/System/Library/Frameworks/DirectoryService.framework/Versions/A/DirectoryService
0x000000005f0f4000 	/System/Library/Frameworks/SecurityInterface.framework/Versions/A/SecurityInterface
0x000000005f0f4000 	/System/Library/PrivateFrameworks/PhoneNumbers.framework/Versions/A/PhoneNumbers
0x000000005f0f4000 	/System/Library/Frameworks/Quartz.framework/Versions/A/Quartz
0x000000005f0f4000 	/System/Library/Frameworks/LDAP.framework/Versions/A/LDAP
0x000000005f0f4000 	/System/Library/Frameworks/Accounts.framework/Versions/A/Accounts
0x000000005f0f4000 	/System/Library/PrivateFrameworks/OAuth.framework/Versions/A/OAuth
0x000000005f0f4000 	/System/Library/PrivateFrameworks/CoreDaemon.framework/Versions/B/CoreDaemon
0x000000005f0f4000 	/System/Library/PrivateFrameworks/AppleSRP.framework/Versions/A/AppleSRP
0x000000005f0f4000 	/usr/lib/libsasl2.2.dylib
0x000000005f0f4000 	/System/Library/PrivateFrameworks/LoginUIKit.framework/Versions/A/Frameworks/LoginUICore.framework/Versions/A/LoginUICore
0x000000005f0f4000 	/usr/lib/libCoreStorage.dylib
0x000000005f0f4000 	/usr/lib/libcsfde.dylib
0x000000005f0f4000 	/usr/lib/libodfde.dylib
0x000000005f0f4000 	/System/Library/Frameworks/DiscRecording.framework/Versions/A/DiscRecording
0x000000005f0f4000 	/usr/lib/libcurl.4.dylib
0x000000005f0f4000 	/System/Library/PrivateFrameworks/MediaKit.framework/Versions/A/MediaKit
0x000000005f0f4000 	/System/Library/PrivateFrameworks/EFILogin.framework/Versions/A/EFILogin
0x000000005f0f4000 	/usr/lib/libutil.dylib
0x000000005f0f4000 	/System/Library/PrivateFrameworks/APFS.framework/Versions/A/APFS
0x000000005f0f4000 	/System/Library/PrivateFrameworks/CacheDelete.framework/Versions/A/CacheDelete
0x000000005f0f4000 	/System/Library/PrivateFrameworks/PlugInKit.framework/Versions/A/PlugInKit
0x000000011f9e4000 	/System/Library/Frameworks/Security.framework/PlugIns/csparser.bundle/Contents/MacOS/csparser
0x0000000112cf1000 	/Applications/Stata/utilities/java/macosx-x64/jre1.8.0_31/lib/jli/libjli.dylib
0x00000001230c8000 	/Applications/Stata/utilities/java/macosx-x64/jre1.8.0_31//lib/server/libjvm.dylib
0x00000001132f3000 	/Applications/Stata/utilities/java/macosx-x64/jre1.8.0_31/lib/libverify.dylib
0x000000011cdb1000 	/Applications/Stata/utilities/java/macosx-x64/jre1.8.0_31/lib/libjava.dylib
0x0000000113301000 	/Applications/Stata/utilities/java/macosx-x64/jre1.8.0_31/lib/libzip.dylib
0x000000011790a000 	/System/Library/Frameworks/JavaVM.framework/Frameworks/JavaRuntimeSupport.framework/JavaRuntimeSupport
0x0000000115089000 	/System/Library/Frameworks/JavaVM.framework/Versions/A/Frameworks/JavaNativeFoundation.framework/Versions/A/JavaNativeFoundation
0x00000001179e4000 	/System/Library/Frameworks/JavaVM.framework/Versions/A/JavaVM
0x000000011330a000 	/System/Library/PrivateFrameworks/JavaLaunching.framework/Versions/A/JavaLaunching

VM Arguments:
jvm_args: -Xms16M -Xmx384M -Xss2M -XX:+UseParNewGC -XX:+UseConcMarkSweepGC -XX:MinHeapFreeRatio=40 -XX:MaxHeapFreeRatio=70 -XX:ErrorFile=/dev/null 
java_command: <unknown>
java_class_path (initial): /Applications/Stata/ado/base/:/Applications/Stata/ado/base/jar/:/Applications/Stata/ado/base/jar/libdeps-core.jar:/Applications/Stata/ado/base/jar/libstata-core.jar:/Applications/Stata/ado/base/jar/stata-sfi.jar:./:
Launcher Type: generic

Environment Variables:
PATH=/usr/bin:/bin:/usr/sbin:/sbin
SHELL=/bin/bash

Signal Handlers:
SIGSEGV: [libjvm.dylib+0x57a0e7], sa_mask[0]=11111111011111110111111111111111, sa_flags=SA_ONSTACK|SA_RESTART|SA_SIGINFO
SIGBUS: [libjvm.dylib+0x57a0e7], sa_mask[0]=11111111011111110111111111111111, sa_flags=SA_RESTART|SA_SIGINFO
SIGFPE: [libjvm.dylib+0x45af24], sa_mask[0]=11111111011111110111111111111111, sa_flags=SA_RESTART|SA_SIGINFO
SIGPIPE: [libjvm.dylib+0x45af24], sa_mask[0]=11111111011111110111111111111111, sa_flags=SA_RESTART|SA_SIGINFO
SIGXFSZ: [libjvm.dylib+0x45af24], sa_mask[0]=11111111011111110111111111111111, sa_flags=SA_RESTART|SA_SIGINFO
SIGILL: [libjvm.dylib+0x45af24], sa_mask[0]=11111111011111110111111111111111, sa_flags=SA_RESTART|SA_SIGINFO
SIGUSR1: SIG_DFL, sa_mask[0]=00000000000000000000000000000000, sa_flags=none
SIGUSR2: [libjvm.dylib+0x45aa42], sa_mask[0]=00000000000000000000000000000000, sa_flags=SA_RESTART|SA_SIGINFO
SIGHUP: [libjvm.dylib+0x459015], sa_mask[0]=11111111011111110111111111111111, sa_flags=SA_RESTART|SA_SIGINFO
SIGINT: [libjvm.dylib+0x459015], sa_mask[0]=11111111011111110111111111111111, sa_flags=SA_RESTART|SA_SIGINFO
SIGTERM: [libjvm.dylib+0x459015], sa_mask[0]=11111111011111110111111111111111, sa_flags=SA_RESTART|SA_SIGINFO
SIGQUIT: [libjvm.dylib+0x459015], sa_mask[0]=11111111011111110111111111111111, sa_flags=SA_RESTART|SA_SIGINFO


---------------  S Y S T E M  ---------------

OS:Bsduname:Darwin 16.7.0 Darwin Kernel Version 16.7.0: Sun Jun  2 20:26:31 PDT 2019; root:xnu-3789.73.50~1/RELEASE_X86_64 x86_64
rlimit: STACK 8192k, CORE 0k, NPROC 709, NOFILE 10240, AS infinity
load average:4.45 23.01 21.88

CPU:total 2 (2 cores per cpu, 1 threads per core) family 6 model 23 stepping 10, cmov, cx8, fxsr, mmx, sse, sse2, sse3, ssse3, sse4.1, tsc

Memory: 4k page, physical 8388608k(1355780k free)

/proc/meminfo:


vm_info: Java HotSpot(TM) 64-Bit Server VM (25.31-b07) for bsd-amd64 JRE (1.8.0_31-b13), built on Dec 17 2014 20:45:36 by "java_re" with gcc 4.2.1 (Based on Apple Inc. build 5658) (LLVM build 2336.11.00)

time: Sat Feb 19 12:52:45 2022
elapsed time: 1260 seconds (0d 0h 21m 0s)

